Base path: /Applications/Unity/Unity.app/Contents
Pipe name: \\.\pipe\UnityShaderCompiler-64bit-1-1987072768
Cmd: getPlatforms
Cmd: preprocess
  insize=8333 outsize=2044 ok=1
Cmd: compileSnippet
  api=0 type=0 insize=6508 outsize=1018 kw= ok=1
Cmd: compileSnippet
  api=0 type=1 insize=6508 outsize=6 kw= ok=1
Cmd: compileSnippet
  api=0 type=0 insize=6503 outsize=1841 kw= ok=1
Cmd: compileSnippet
  api=0 type=1 insize=6503 outsize=6 kw= ok=1
Cmd: compileSnippet
  api=0 type=0 insize=6503 outsize=868 kw= ok=1
Cmd: compileSnippet
  api=0 type=1 insize=6503 outsize=6 kw= ok=1
Cmd: compileSnippet
  api=0 type=0 insize=6503 outsize=868 kw= ok=1
Cmd: compileSnippet
  api=0 type=1 insize=6503 outsize=6 kw= ok=1
Cmd: compileSnippet
  api=0 type=0 insize=6505 outsize=1142 kw= ok=1
Cmd: compileSnippet
  api=0 type=1 insize=6505 outsize=6 kw= ok=1
Cmd: compileSnippet
  api=0 type=0 insize=6505 outsize=668 kw= ok=1
Cmd: compileSnippet
  api=0 type=1 insize=6505 outsize=6 kw= ok=1
Cmd: compileSnippet
  api=0 type=0 insize=6514 outsize=890 kw= ok=1
Cmd: compileSnippet
  api=0 type=1 insize=6514 outsize=6 kw= ok=1
Cmd: compileSnippet
  api=0 type=0 insize=6519 outsize=620 kw= ok=1
Cmd: compileSnippet
  api=0 type=1 insize=6519 outsize=6 kw= ok=1
Cmd: compileSnippet
  api=0 type=0 insize=6512 outsize=414 kw= ok=1
Cmd: compileSnippet
  api=0 type=1 insize=6512 outsize=6 kw= ok=1
Cmd: compileSnippet
  api=0 type=0 insize=6510 outsize=957 kw= ok=1
Cmd: compileSnippet
  api=0 type=1 insize=6510 outsize=6 kw= ok=1
Cmd: compileSnippet
  api=0 type=0 insize=6517 outsize=1071 kw= ok=1
Cmd: compileSnippet
  api=0 type=1 insize=6517 outsize=6 kw= ok=1
Cmd: preprocess
  insize=10964 outsize=662 ok=1
Cmd: compileSnippet
  api=0 type=0 insize=10530 outsize=879 kw= ok=1
Cmd: compileSnippet
  api=0 type=1 insize=10530 outsize=6 kw= ok=1
Cmd: compileSnippet
  api=0 type=0 insize=10552 outsize=6122 kw= ok=1
Cmd: compileSnippet
  api=0 type=1 insize=10552 outsize=6 kw= ok=1
Cmd: compileSnippet
  api=0 type=0 insize=10508 outsize=6116 kw= ok=1
Cmd: compileSnippet
  api=0 type=1 insize=10508 outsize=6 kw= ok=1
Cmd: preprocess
  insize=1248 outsize=340 ok=1
Cmd: compileSnippet
  api=0 type=0 insize=1210 outsize=727 kw= ok=1
Cmd: compileSnippet
  api=0 type=1 insize=1210 outsize=6 kw= ok=1
Cmd: preprocess
  insize=435 outsize=435 ok=1
Cmd: preprocess
  insize=1615 outsize=2302 ok=1
Cmd: preprocess
  insize=1063 outsize=406 ok=1
Cmd: compileSnippet
  api=0 type=0 insize=955 outsize=514 kw= ok=1
Cmd: compileSnippet
  api=0 type=1 insize=955 outsize=6 kw= ok=1
Cmd: compileSnippet
  api=0 type=0 insize=954 outsize=514 kw= ok=1
Cmd: compileSnippet
  api=0 type=1 insize=954 outsize=6 kw= ok=1
Cmd: preprocess
  insize=9575 outsize=798 ok=1
Cmd: compileSnippet
  api=0 type=0 insize=8985 outsize=2118 kw= ok=1
Cmd: compileSnippet
  api=0 type=1 insize=8985 outsize=6 kw= ok=1
Cmd: compileSnippet
  api=0 type=0 insize=8989 outsize=2249 kw= ok=1
Cmd: compileSnippet
  api=0 type=1 insize=8989 outsize=6 kw= ok=1
Cmd: compileSnippet
  api=0 type=0 insize=9009 outsize=2765 kw= ok=1
Cmd: compileSnippet
  api=0 type=1 insize=9009 outsize=6 kw= ok=1
Cmd: compileSnippet
  api=0 type=0 insize=9004 outsize=4219 kw= ok=1
Cmd: compileSnippet
  api=0 type=1 insize=9004 outsize=6 kw= ok=1
Cmd: compileSnippet
  api=0 type=0 insize=9008 outsize=1405 kw= ok=1
Cmd: compileSnippet
  api=0 type=1 insize=9008 outsize=6 kw= ok=1
Cmd: preprocess
  insize=1624 outsize=334 ok=1
Cmd: compileSnippet
  api=0 type=0 insize=1592 outsize=1552 kw= ok=1
Cmd: compileSnippet
  api=0 type=1 insize=1592 outsize=6 kw= ok=1
Cmd: preprocess
  insize=844 outsize=330 ok=1
Cmd: compileSnippet
  api=0 type=0 insize=819 outsize=732 kw= ok=1
Cmd: compileSnippet
  api=0 type=1 insize=819 outsize=6 kw= ok=1
Cmd: preprocess
  insize=928 outsize=289 ok=1
Cmd: compileSnippet
  api=0 type=0 insize=944 outsize=530 kw= ok=1
Cmd: compileSnippet
  api=0 type=1 insize=944 outsize=6 kw= ok=1
Cmd: preprocess
  insize=1923 outsize=467 ok=1
Cmd: compileSnippet
  api=0 type=0 insize=1758 outsize=848 kw= ok=1
Cmd: compileSnippet
  api=0 type=1 insize=1758 outsize=6 kw= ok=1
Cmd: preprocess
  insize=1217 outsize=387 ok=1
Cmd: compileSnippet
  api=0 type=0 insize=1135 outsize=806 kw= ok=1
Cmd: compileSnippet
  api=0 type=1 insize=1135 outsize=6 kw= ok=1
Cmd: preprocess
  insize=3521 outsize=640 ok=1
Cmd: compileSnippet
  api=0 type=0 insize=3155 outsize=669 kw= ok=1
Cmd: compileSnippet
  api=0 type=1 insize=3155 outsize=6 kw= ok=1
Cmd: compileSnippet
  api=0 type=0 insize=3153 outsize=659 kw= ok=1
Cmd: compileSnippet
  api=0 type=1 insize=3153 outsize=6 kw= ok=1
Cmd: compileSnippet
  api=0 type=0 insize=3160 outsize=2026 kw= ok=1
Cmd: compileSnippet
  api=0 type=1 insize=3160 outsize=6 kw= ok=1
Cmd: preprocess
  insize=1454 outsize=2247 ok=1
Cmd: preprocess
  insize=1164 outsize=384 ok=1
Cmd: compileSnippet
  api=0 type=0 insize=1085 outsize=1235 kw= ok=1
Cmd: compileSnippet
  api=0 type=1 insize=1085 outsize=6 kw= ok=1
Cmd: preprocess
  insize=6511 outsize=781 ok=1
Cmd: compileSnippet
  api=0 type=0 insize=1952 outsize=3105 kw= ok=1
Cmd: compileSnippet
  api=0 type=1 insize=1952 outsize=6 kw= ok=1
Cmd: compileSnippet
  api=0 type=0 insize=2216 outsize=3690 kw= ok=1
Cmd: compileSnippet
  api=0 type=1 insize=2216 outsize=6 kw= ok=1
Cmd: compileSnippet
  api=0 type=0 insize=2722 outsize=4842 kw= ok=1
Cmd: compileSnippet
  api=0 type=1 insize=2722 outsize=6 kw= ok=1
Cmd: compileSnippet
  api=0 type=0 insize=2998 outsize=5350 kw= ok=1
Cmd: compileSnippet
  api=0 type=1 insize=2998 outsize=6 kw= ok=1
Cmd: compileSnippet
  api=0 type=0 insize=1938 outsize=994 kw= ok=1
Cmd: compileSnippet
  api=0 type=1 insize=1938 outsize=6 kw= ok=1
Cmd: preprocess
  insize=1097 outsize=289 ok=1
Cmd: compileSnippet
  api=0 type=0 insize=1113 outsize=972 kw= ok=1
Cmd: compileSnippet
  api=0 type=1 insize=1113 outsize=6 kw= ok=1
Cmd: preprocess
  insize=1044 outsize=1034 ok=1
Cmd: compileSnippet
  api=0 type=0 insize=6925 outsize=2230 kw=DIRECTIONAL SHADOWS_OFF LIGHTMAP_OFF DIRLIGHTMAP_OFF DYNAMICLIGHTMAP_OFF ok=1
Cmd: compileSnippet
  api=0 type=1 insize=6925 outsize=6 kw=DIRECTIONAL SHADOWS_OFF LIGHTMAP_OFF DIRLIGHTMAP_OFF DYNAMICLIGHTMAP_OFF ok=1
Cmd: compileSnippet
  api=0 type=0 insize=3896 outsize=1800 kw=POINT ok=1
Cmd: compileSnippet
  api=0 type=1 insize=3896 outsize=6 kw=POINT ok=1
Cmd: compileSnippet
  api=0 type=0 insize=3314 outsize=2261 kw= ok=1
Cmd: compileSnippet
  api=0 type=1 insize=3314 outsize=6 kw= ok=1
Cmd: preprocess
  insize=2413 outsize=753 ok=1
Cmd: compileSnippet
  api=0 type=0 insize=1931 outsize=629 kw= ok=1
Cmd: compileSnippet
  api=0 type=1 insize=1931 outsize=6 kw= ok=1
Cmd: compileSnippet
  api=0 type=0 insize=1928 outsize=579 kw= ok=1
Cmd: compileSnippet
  api=0 type=1 insize=1928 outsize=6 kw= ok=1
Cmd: compileSnippet
  api=0 type=0 insize=1941 outsize=990 kw= ok=1
Cmd: compileSnippet
  api=0 type=1 insize=1941 outsize=6 kw= ok=1
Cmd: compileSnippet
  api=0 type=0 insize=1940 outsize=506 kw= ok=1
Cmd: compileSnippet
  api=0 type=1 insize=1940 outsize=6 kw= ok=1
Cmd: preprocess
  insize=883 outsize=277 ok=1
Cmd: compileSnippet
  api=0 type=0 insize=911 outsize=491 kw= ok=1
Cmd: compileSnippet
  api=0 type=1 insize=911 outsize=6 kw= ok=1
Cmd: preprocess
  insize=1314 outsize=362 ok=1
Cmd: compileSnippet
  api=0 type=0 insize=1251 outsize=1322 kw= ok=1
Cmd: compileSnippet
  api=0 type=1 insize=1251 outsize=6 kw= ok=1
Cmd: preprocess
  insize=1353 outsize=326 ok=1
Cmd: compileSnippet
  api=0 type=0 insize=1333 outsize=1243 kw= ok=1
Cmd: compileSnippet
  api=0 type=1 insize=1333 outsize=6 kw= ok=1
Cmd: preprocess
  insize=1188 outsize=255 ok=1
Cmd: compileSnippet
  api=0 type=0 insize=1238 outsize=1092 kw= ok=1
Cmd: compileSnippet
  api=0 type=1 insize=1238 outsize=6 kw= ok=1
Cmd: preprocess
  insize=1344 outsize=330 ok=1
Cmd: compileSnippet
  api=0 type=0 insize=1316 outsize=1246 kw= ok=1
Cmd: compileSnippet
  api=0 type=1 insize=1316 outsize=6 kw= ok=1
Cmd: preprocess
  insize=1193 outsize=303 ok=1
Cmd: compileSnippet
  api=0 type=0 insize=1194 outsize=802 kw= ok=1
Cmd: compileSnippet
  api=0 type=1 insize=1194 outsize=6 kw= ok=1
Cmd: preprocess
  insize=2235 outsize=619 ok=1
Cmd: compileSnippet
  api=0 type=0 insize=1922 outsize=2190 kw= ok=1
Cmd: compileSnippet
  api=0 type=1 insize=1922 outsize=6 kw= ok=1
Cmd: preprocess
  insize=902 outsize=252 ok=1
Cmd: compileSnippet
  api=0 type=0 insize=950 outsize=700 kw= ok=1
Cmd: compileSnippet
  api=0 type=1 insize=950 outsize=6 kw= ok=1
Cmd: preprocess
  insize=636 outsize=302 ok=1
Cmd: compileSnippet
  api=0 type=0 insize=634 outsize=598 kw= ok=1
Cmd: compileSnippet
  api=0 type=1 insize=634 outsize=6 kw= ok=1
Cmd: preprocess
  insize=6131 outsize=973 ok=1
Cmd: compileSnippet
  api=0 type=0 insize=5399 outsize=394 kw= ok=1
Cmd: compileSnippet
  api=0 type=1 insize=5399 outsize=6 kw= ok=1
Cmd: compileSnippet
  api=0 type=0 insize=5406 outsize=1043 kw= ok=1
Cmd: compileSnippet
  api=0 type=1 insize=5406 outsize=6 kw= ok=1
Cmd: compileSnippet
  api=0 type=0 insize=5410 outsize=1582 kw= ok=1
Cmd: compileSnippet
  api=0 type=1 insize=5410 outsize=6 kw= ok=1
Cmd: compileSnippet
  api=0 type=0 insize=5411 outsize=1582 kw= ok=1
Cmd: compileSnippet
  api=0 type=1 insize=5411 outsize=6 kw= ok=1
Cmd: compileSnippet
  api=0 type=0 insize=5415 outsize=1637 kw= ok=1
Cmd: compileSnippet
  api=0 type=1 insize=5415 outsize=6 kw= ok=1
Cmd: compileSnippet
  api=0 type=0 insize=5416 outsize=1559 kw= ok=1
Cmd: compileSnippet
  api=0 type=1 insize=5416 outsize=6 kw= ok=1
Cmd: preprocess
  insize=32573 outsize=255 ok=1
Cmd: compileSnippet
  api=0 type=0 insize=32620 outsize=8971 kw= ok=1
Cmd: compileSnippet
  api=0 type=1 insize=32620 outsize=6 kw= ok=1
Cmd: preprocess
  insize=1154 outsize=242 ok=1
Cmd: compileSnippet
  api=0 type=0 insize=1214 outsize=1114 kw= ok=1
Cmd: compileSnippet
  api=0 type=1 insize=1214 outsize=6 kw= ok=1
Cmd: preprocess
  insize=4293 outsize=504 ok=1
Cmd: compileSnippet
  api=0 type=0 insize=3976 outsize=2814 kw= ok=1
Cmd: compileSnippet
  api=0 type=1 insize=3976 outsize=6 kw= ok=1
Cmd: compileSnippet
  api=0 type=0 insize=3977 outsize=2320 kw= ok=1
Cmd: compileSnippet
  api=0 type=1 insize=3977 outsize=6 kw= ok=1
Cmd: compileSnippet
  api=0 type=0 insize=3977 outsize=2395 kw= ok=1
Cmd: compileSnippet
  api=0 type=1 insize=3977 outsize=6 kw= ok=1
Cmd: preprocess
  insize=992 outsize=248 ok=1
Cmd: compileSnippet
  api=0 type=0 insize=1045 outsize=933 kw= ok=1
Cmd: compileSnippet
  api=0 type=1 insize=1045 outsize=6 kw= ok=1
Cmd: preprocess
  insize=4770 outsize=1779 ok=1
Cmd: compileSnippet
  api=0 type=0 insize=3198 outsize=611 kw= ok=1
Cmd: compileSnippet
  api=0 type=1 insize=3198 outsize=6 kw= ok=1
Cmd: compileSnippet
  api=0 type=0 insize=3195 outsize=579 kw= ok=1
Cmd: compileSnippet
  api=0 type=1 insize=3195 outsize=6 kw= ok=1
Cmd: compileSnippet
  api=0 type=0 insize=3211 outsize=1137 kw= ok=1
Cmd: compileSnippet
  api=0 type=1 insize=3211 outsize=6 kw= ok=1
Cmd: compileSnippet
  api=0 type=0 insize=3203 outsize=506 kw= ok=1
Cmd: compileSnippet
  api=0 type=1 insize=3203 outsize=6 kw= ok=1
Cmd: compileSnippet
  api=0 type=0 insize=3203 outsize=611 kw= ok=1
Cmd: compileSnippet
  api=0 type=1 insize=3203 outsize=6 kw= ok=1
Cmd: compileSnippet
  api=0 type=0 insize=3200 outsize=579 kw= ok=1
Cmd: compileSnippet
  api=0 type=1 insize=3200 outsize=6 kw= ok=1
Cmd: compileSnippet
  api=0 type=0 insize=3212 outsize=1061 kw= ok=1
Cmd: compileSnippet
  api=0 type=1 insize=3212 outsize=6 kw= ok=1
Cmd: compileSnippet
  api=0 type=0 insize=3205 outsize=520 kw= ok=1
Cmd: compileSnippet
  api=0 type=1 insize=3205 outsize=6 kw= ok=1
Cmd: compileSnippet
  api=0 type=0 insize=3197 outsize=363 kw= ok=1
Cmd: compileSnippet
  api=0 type=1 insize=3197 outsize=6 kw= ok=1
Cmd: compileSnippet
  api=0 type=0 insize=3201 outsize=471 kw= ok=1
Cmd: compileSnippet
  api=0 type=1 insize=3201 outsize=6 kw= ok=1
Cmd: compileSnippet
  api=0 type=0 insize=3196 outsize=430 kw= ok=1
Cmd: compileSnippet
  api=0 type=1 insize=3196 outsize=6 kw= ok=1
Cmd: preprocess
  insize=12787 outsize=1859 ok=1
Cmd: compileSnippet
  api=0 type=0 insize=11105 outsize=1186 kw= ok=1
Cmd: compileSnippet
  api=0 type=1 insize=11105 outsize=6 kw= ok=1
Cmd: compileSnippet
  api=0 type=0 insize=11096 outsize=544 kw= ok=1
Cmd: compileSnippet
  api=0 type=1 insize=11096 outsize=6 kw= ok=1
Cmd: compileSnippet
  api=0 type=0 insize=11098 outsize=1615 kw= ok=1
Cmd: compileSnippet
  api=0 type=1 insize=11098 outsize=6 kw= ok=1
Cmd: compileSnippet
  api=0 type=0 insize=11103 outsize=3619 kw= ok=1
Cmd: compileSnippet
  api=0 type=1 insize=11103 outsize=6 kw= ok=1
Cmd: compileSnippet
  api=0 type=0 insize=11113 outsize=3334 kw= ok=1
Cmd: compileSnippet
  api=0 type=1 insize=11113 outsize=6 kw= ok=1
Cmd: compileSnippet
  api=0 type=0 insize=11100 outsize=688 kw= ok=1
Cmd: compileSnippet
  api=0 type=1 insize=11100 outsize=6 kw= ok=1
Cmd: compileSnippet
  api=0 type=0 insize=11106 outsize=1758 kw= ok=1
Cmd: compileSnippet
  api=0 type=1 insize=11106 outsize=6 kw= ok=1
Cmd: compileSnippet
  api=0 type=0 insize=11112 outsize=4118 kw= ok=1
Cmd: compileSnippet
  api=0 type=1 insize=11112 outsize=6 kw= ok=1
Cmd: preprocess
  insize=963 outsize=333 ok=1
Cmd: compileSnippet
  api=0 type=0 insize=935 outsize=651 kw= ok=1
Cmd: compileSnippet
  api=0 type=1 insize=935 outsize=6 kw= ok=1
Cmd: preprocess
  insize=6023 outsize=731 ok=1
Cmd: preprocess
  insize=2677 outsize=761 ok=1
Cmd: compileSnippet
  api=0 type=0 insize=2189 outsize=698 kw= ok=1
Cmd: compileSnippet
  api=0 type=1 insize=2189 outsize=6 kw= ok=1
Cmd: compileSnippet
  api=0 type=0 insize=2189 outsize=730 kw= ok=1
Cmd: compileSnippet
  api=0 type=1 insize=2189 outsize=6 kw= ok=1
Cmd: compileSnippet
  api=0 type=0 insize=2193 outsize=698 kw= ok=1
Cmd: compileSnippet
  api=0 type=1 insize=2193 outsize=6 kw= ok=1
Cmd: compileSnippet
  api=0 type=0 insize=2192 outsize=1127 kw= ok=1
Cmd: compileSnippet
  api=0 type=1 insize=2192 outsize=6 kw= ok=1
Cmd: compileSnippet
  api=0 type=0 insize=2195 outsize=715 kw= ok=1
Cmd: compileSnippet
  api=0 type=1 insize=2195 outsize=6 kw= ok=1
Cmd: preprocess
  insize=10773 outsize=2532 ok=1
Cmd: compileSnippet
  api=0 type=0 insize=8468 outsize=3237 kw= ok=1
Cmd: compileSnippet
  api=0 type=1 insize=8468 outsize=6 kw= ok=1
Cmd: compileSnippet
  api=0 type=0 insize=8473 outsize=1920 kw= ok=1
Cmd: compileSnippet
  api=0 type=1 insize=8473 outsize=6 kw= ok=1
Cmd: compileSnippet
  api=0 type=0 insize=8472 outsize=523 kw= ok=1
Cmd: compileSnippet
  api=0 type=1 insize=8472 outsize=6 kw= ok=1
Cmd: compileSnippet
  api=0 type=0 insize=8476 outsize=1055 kw= ok=1
Cmd: compileSnippet
  api=0 type=1 insize=8476 outsize=6 kw= ok=1
Cmd: compileSnippet
  api=0 type=0 insize=8475 outsize=1181 kw= ok=1
Cmd: compileSnippet
  api=0 type=1 insize=8475 outsize=6 kw= ok=1
Cmd: preprocess
  insize=2486 outsize=1156 ok=1
Cmd: compileSnippet
  api=0 type=0 insize=1632 outsize=1288 kw= ok=1
Cmd: compileSnippet
  api=0 type=1 insize=1632 outsize=6 kw= ok=1
Cmd: preprocess
  insize=12423 outsize=2312 ok=1
Cmd: compileSnippet
  api=0 type=0 insize=10185 outsize=474 kw= ok=1
Cmd: compileSnippet
  api=0 type=1 insize=10185 outsize=6 kw= ok=1
Cmd: compileSnippet
  api=0 type=0 insize=10184 outsize=1059 kw= ok=1
Cmd: compileSnippet
  api=0 type=1 insize=10184 outsize=6 kw= ok=1
Cmd: compileSnippet
  api=0 type=0 insize=10184 outsize=985 kw= ok=1
Cmd: compileSnippet
  api=0 type=1 insize=10184 outsize=6 kw= ok=1
Cmd: compileSnippet
  api=0 type=0 insize=10166 outsize=769 kw= ok=1
Cmd: compileSnippet
  api=0 type=1 insize=10166 outsize=6 kw= ok=1
Cmd: compileSnippet
  api=0 type=0 insize=10185 outsize=693 kw= ok=1
Cmd: compileSnippet
  api=0 type=1 insize=10185 outsize=6 kw= ok=1
Cmd: compileSnippet
  api=0 type=0 insize=10166 outsize=823 kw= ok=1
Cmd: compileSnippet
  api=0 type=1 insize=10166 outsize=6 kw= ok=1
Cmd: compileSnippet
  api=0 type=0 insize=10211 outsize=1291 kw= ok=1
Cmd: compileSnippet
  api=0 type=1 insize=10211 outsize=6 kw= ok=1
Cmd: compileSnippet
  api=0 type=0 insize=10165 outsize=263 kw= ok=1
Cmd: compileSnippet
  api=0 type=1 insize=10165 outsize=6 kw= ok=1
Cmd: compileSnippet
  api=0 type=0 insize=10169 outsize=330 kw= ok=1
Cmd: compileSnippet
  api=0 type=1 insize=10169 outsize=6 kw= ok=1
Cmd: compileSnippet
  api=0 type=0 insize=10191 outsize=2567 kw= ok=1
Cmd: compileSnippet
  api=0 type=1 insize=10191 outsize=6 kw= ok=1
Cmd: compileSnippet
  api=0 type=0 insize=10185 outsize=2633 kw= ok=1
Cmd: compileSnippet
  api=0 type=1 insize=10185 outsize=6 kw= ok=1
Cmd: compileSnippet
  api=0 type=0 insize=10191 outsize=2567 kw= ok=1
Cmd: compileSnippet
  api=0 type=1 insize=10191 outsize=6 kw= ok=1
Cmd: preprocess
  insize=1909 outsize=438 ok=1
Cmd: compileSnippet
  api=0 type=0 insize=1746 outsize=1019 kw= ok=1
Cmd: compileSnippet
  api=0 type=1 insize=1746 outsize=6 kw= ok=1
Cmd: compileSnippet
  api=0 type=0 insize=1759 outsize=1184 kw= ok=1
Cmd: compileSnippet
  api=0 type=1 insize=1759 outsize=6 kw= ok=1
Cmd: preprocess
  insize=1357 outsize=642 ok=1
Cmd: compileSnippet
  api=0 type=0 insize=1021 outsize=813 kw= ok=1
Cmd: compileSnippet
  api=0 type=1 insize=1021 outsize=6 kw= ok=1
Cmd: preprocess
  insize=1530 outsize=277 ok=1
Cmd: compileSnippet
  api=0 type=0 insize=1558 outsize=1349 kw= ok=1
Cmd: compileSnippet
  api=0 type=1 insize=1558 outsize=6 kw= ok=1
Cmd: preprocess
  insize=23968 outsize=4108 ok=1
Cmd: compileSnippet
  api=0 type=0 insize=19214 outsize=831 kw= ok=1
Cmd: compileSnippet
  api=0 type=1 insize=19214 outsize=6 kw= ok=1
Cmd: compileSnippet
  api=0 type=0 insize=19220 outsize=3180 kw= ok=1
Cmd: compileSnippet
  api=0 type=1 insize=19220 outsize=6 kw= ok=1
Cmd: compileSnippet
  api=0 type=0 insize=19223 outsize=4726 kw= ok=1
Cmd: compileSnippet
  api=0 type=1 insize=19223 outsize=6 kw= ok=1
Cmd: compileSnippet
  api=0 type=0 insize=19202 outsize=426 kw= ok=1
Cmd: compileSnippet
  api=0 type=1 insize=19202 outsize=6 kw= ok=1
Cmd: compileSnippet
  api=0 type=0 insize=19218 outsize=818 kw= ok=1
Cmd: compileSnippet
  api=0 type=1 insize=19218 outsize=6 kw= ok=1
Cmd: compileSnippet
  api=0 type=0 insize=19205 outsize=1660 kw= ok=1
Cmd: compileSnippet
  api=0 type=1 insize=19205 outsize=6 kw= ok=1
Cmd: compileSnippet
  api=0 type=0 insize=19216 outsize=1480 kw= ok=1
Cmd: compileSnippet
  api=0 type=1 insize=19216 outsize=6 kw= ok=1
Cmd: compileSnippet
  api=0 type=0 insize=19212 outsize=575 kw= ok=1
Cmd: compileSnippet
  api=0 type=1 insize=19212 outsize=6 kw= ok=1
Cmd: compileSnippet
  api=0 type=0 insize=19222 outsize=841 kw= ok=1
Cmd: compileSnippet
  api=0 type=1 insize=19222 outsize=6 kw= ok=1
Cmd: compileSnippet
  api=0 type=0 insize=19215 outsize=739 kw= ok=1
Cmd: compileSnippet
  api=0 type=1 insize=19215 outsize=6 kw= ok=1
Cmd: compileSnippet
  api=0 type=0 insize=19222 outsize=925 kw= ok=1
Cmd: compileSnippet
  api=0 type=1 insize=19222 outsize=6 kw= ok=1
Cmd: compileSnippet
  api=0 type=0 insize=19210 outsize=3029 kw= ok=1
Cmd: compileSnippet
  api=0 type=1 insize=19210 outsize=6 kw= ok=1
Cmd: compileSnippet
  api=0 type=0 insize=19219 outsize=2646 kw= ok=1
Cmd: compileSnippet
  api=0 type=1 insize=19219 outsize=6 kw= ok=1
Cmd: compileSnippet
  api=0 type=0 insize=19206 outsize=949 kw= ok=1
Cmd: compileSnippet
  api=0 type=1 insize=19206 outsize=6 kw= ok=1
Cmd: compileSnippet
  api=0 type=0 insize=19220 outsize=597 kw= ok=1
Cmd: compileSnippet
  api=0 type=1 insize=19220 outsize=6 kw= ok=1
Cmd: compileSnippet
  api=0 type=0 insize=19211 outsize=747 kw= ok=1
Cmd: compileSnippet
  api=0 type=1 insize=19211 outsize=6 kw= ok=1
Cmd: compileSnippet
  api=0 type=0 insize=19206 outsize=677 kw= ok=1
Cmd: compileSnippet
  api=0 type=1 insize=19206 outsize=6 kw= ok=1
Cmd: compileSnippet
  api=0 type=0 insize=19210 outsize=3536 kw= ok=1
Cmd: compileSnippet
  api=0 type=1 insize=19210 outsize=6 kw= ok=1
Cmd: compileSnippet
  api=0 type=0 insize=19219 outsize=3438 kw= ok=1
Cmd: compileSnippet
  api=0 type=1 insize=19219 outsize=6 kw= ok=1
Cmd: compileSnippet
  api=0 type=0 insize=19228 outsize=3577 kw= ok=1
Cmd: compileSnippet
  api=0 type=1 insize=19228 outsize=6 kw= ok=1
Cmd: compileSnippet
  api=0 type=0 insize=19207 outsize=549 kw= ok=1
Cmd: compileSnippet
  api=0 type=1 insize=19207 outsize=6 kw= ok=1
Cmd: compileSnippet
  api=0 type=0 insize=19209 outsize=1660 kw= ok=1
Cmd: compileSnippet
  api=0 type=1 insize=19209 outsize=6 kw= ok=1
Cmd: compileSnippet
  api=0 type=0 insize=19225 outsize=426 kw= ok=1
Cmd: compileSnippet
  api=0 type=1 insize=19225 outsize=6 kw= ok=1
Cmd: preprocess
  insize=3938 outsize=531 ok=1
Cmd: compileSnippet
  api=0 type=0 insize=3713 outsize=2057 kw= ok=1
Cmd: compileSnippet
  api=0 type=1 insize=3713 outsize=6 kw= ok=1
Cmd: compileSnippet
  api=0 type=0 insize=3725 outsize=1242 kw= ok=1
Cmd: compileSnippet
  api=0 type=1 insize=3725 outsize=6 kw= ok=1
Cmd: compileSnippet
  api=0 type=0 insize=3716 outsize=1692 kw= ok=1
Cmd: compileSnippet
  api=0 type=1 insize=3716 outsize=6 kw= ok=1
Cmd: preprocess
  insize=1675 outsize=280 ok=1
Cmd: compileSnippet
  api=0 type=0 insize=1697 outsize=2844 kw= ok=1
Cmd: compileSnippet
  api=0 type=1 insize=1697 outsize=6 kw= ok=1
Cmd: preprocess
  insize=965 outsize=333 ok=1
Cmd: compileSnippet
  api=0 type=0 insize=934 outsize=890 kw= ok=1
Cmd: compileSnippet
  api=0 type=1 insize=934 outsize=6 kw= ok=1
Cmd: preprocess
  insize=1082 outsize=404 ok=1
Cmd: compileSnippet
  api=0 type=0 insize=951 outsize=547 kw= ok=1
Cmd: compileSnippet
  api=0 type=1 insize=951 outsize=6 kw= ok=1
Cmd: compileSnippet
  api=0 type=0 insize=957 outsize=607 kw= ok=1
Cmd: compileSnippet
  api=0 type=1 insize=957 outsize=6 kw= ok=1
Cmd: preprocess
  insize=673 outsize=248 ok=1
Cmd: compileSnippet
  api=0 type=0 insize=724 outsize=551 kw= ok=1
Cmd: compileSnippet
  api=0 type=1 insize=724 outsize=6 kw= ok=1
Cmd: preprocess
  insize=5564 outsize=855 ok=1
Cmd: compileSnippet
  api=0 type=0 insize=4897 outsize=1894 kw= ok=1
Cmd: compileSnippet
  api=0 type=1 insize=4897 outsize=6 kw= ok=1
Cmd: compileSnippet
  api=0 type=0 insize=4899 outsize=1133 kw= ok=1
Cmd: compileSnippet
  api=0 type=1 insize=4899 outsize=6 kw= ok=1
Cmd: compileSnippet
  api=0 type=0 insize=4903 outsize=1175 kw= ok=1
Cmd: compileSnippet
  api=0 type=1 insize=4903 outsize=6 kw= ok=1
Cmd: compileSnippet
  api=0 type=0 insize=4912 outsize=700 kw= ok=1
Cmd: compileSnippet
  api=0 type=1 insize=4912 outsize=6 kw= ok=1
Cmd: compileSnippet
  api=0 type=0 insize=4893 outsize=1894 kw= ok=1
Cmd: compileSnippet
  api=0 type=1 insize=4893 outsize=6 kw= ok=1
Cmd: preprocess
  insize=5171 outsize=737 ok=1
Cmd: compileSnippet
  api=0 type=0 insize=4605 outsize=660 kw= ok=1
Cmd: compileSnippet
  api=0 type=1 insize=4605 outsize=6 kw= ok=1
Cmd: compileSnippet
  api=0 type=0 insize=4609 outsize=1572 kw= ok=1
Cmd: compileSnippet
  api=0 type=1 insize=4609 outsize=6 kw= ok=1
Cmd: compileSnippet
  api=0 type=0 insize=4619 outsize=2170 kw= ok=1
Cmd: compileSnippet
  api=0 type=1 insize=4619 outsize=6 kw= ok=1
Cmd: compileSnippet
  api=0 type=0 insize=4614 outsize=1909 kw= ok=1
Cmd: compileSnippet
  api=0 type=1 insize=4614 outsize=6 kw= ok=1
Cmd: compileSnippet
  api=0 type=0 insize=4620 outsize=1351 kw= ok=1
Cmd: compileSnippet
  api=0 type=1 insize=4620 outsize=6 kw= ok=1
Cmd: preprocess
  insize=520 outsize=341 ok=1
Cmd: compileSnippet
  api=0 type=0 insize=481 outsize=723 kw= ok=1
Cmd: compileSnippet
  api=0 type=1 insize=481 outsize=6 kw= ok=1
Cmd: preprocess
  insize=6414 outsize=902 ok=1
Cmd: compileSnippet
  api=0 type=0 insize=5582 outsize=460 kw= ok=1
Cmd: compileSnippet
  api=0 type=1 insize=5582 outsize=6 kw= ok=1
Cmd: compileSnippet
  api=0 type=0 insize=5581 outsize=501 kw= ok=1
Cmd: compileSnippet
  api=0 type=1 insize=5581 outsize=6 kw= ok=1
Cmd: compileSnippet
  api=0 type=0 insize=5575 outsize=2652 kw= ok=1
Cmd: compileSnippet
  api=0 type=1 insize=5575 outsize=6 kw= ok=1
Cmd: compileSnippet
  api=0 type=0 insize=5574 outsize=2693 kw= ok=1
Cmd: compileSnippet
  api=0 type=1 insize=5574 outsize=6 kw= ok=1
Cmd: compileSnippet
  api=0 type=0 insize=5577 outsize=2776 kw= ok=1
Cmd: compileSnippet
  api=0 type=1 insize=5577 outsize=6 kw= ok=1
Cmd: compileSnippet
  api=0 type=0 insize=5576 outsize=2808 kw= ok=1
Cmd: compileSnippet
  api=0 type=1 insize=5576 outsize=6 kw= ok=1
Cmd: compileSnippet
  api=0 type=0 insize=5578 outsize=601 kw= ok=1
Cmd: compileSnippet
  api=0 type=1 insize=5578 outsize=6 kw= ok=1
Cmd: preprocess
  insize=1306 outsize=373 ok=1
Cmd: compileSnippet
  api=0 type=0 insize=1235 outsize=731 kw= ok=1
Cmd: compileSnippet
  api=0 type=1 insize=1235 outsize=6 kw= ok=1
Cmd: preprocess
  insize=32583 outsize=255 ok=1
Cmd: compileSnippet
  api=0 type=0 insize=32630 outsize=8879 kw= ok=1
Cmd: compileSnippet
  api=0 type=1 insize=32630 outsize=6 kw= ok=1
Cmd: preprocess
  insize=5175 outsize=1721 ok=1
Cmd: compileSnippet
  api=0 type=0 insize=3758 outsize=5172 kw= ok=1
Cmd: compileSnippet
  api=0 type=1 insize=3758 outsize=6 kw= ok=1
Cmd: preprocess
  insize=6737 outsize=236 ok=1
Cmd: compileSnippet
  api=0 type=0 insize=6803 outsize=3187 kw= ok=1
Cmd: compileSnippet
  api=0 type=1 insize=6803 outsize=6 kw= ok=1
Cmd: preprocess
  insize=4268 outsize=418 ok=1
Cmd: compileSnippet
  api=0 type=0 insize=4125 outsize=4839 kw= ok=1
Cmd: compileSnippet
  api=0 type=1 insize=4125 outsize=6 kw= ok=1
Cmd: compileSnippet
  api=0 type=0 insize=4130 outsize=4420 kw= ok=1
Cmd: compileSnippet
  api=0 type=1 insize=4130 outsize=6 kw= ok=1
Cmd: preprocess
  insize=4608 outsize=887 ok=1
Cmd: compileSnippet
  api=0 type=0 insize=3943 outsize=494 kw= ok=1
Cmd: compileSnippet
  api=0 type=1 insize=3943 outsize=6 kw= ok=1
Cmd: compileSnippet
  api=0 type=0 insize=3951 outsize=1113 kw= ok=1
Cmd: compileSnippet
  api=0 type=1 insize=3951 outsize=6 kw= ok=1
Cmd: compileSnippet
  api=0 type=0 insize=3943 outsize=1029 kw= ok=1
Cmd: compileSnippet
  api=0 type=1 insize=3943 outsize=6 kw= ok=1
Cmd: compileSnippet
  api=0 type=0 insize=3945 outsize=1194 kw= ok=1
Cmd: compileSnippet
  api=0 type=1 insize=3945 outsize=6 kw= ok=1
Cmd: compileSnippet
  api=0 type=0 insize=3940 outsize=462 kw= ok=1
Cmd: compileSnippet
  api=0 type=1 insize=3940 outsize=6 kw= ok=1
Cmd: preprocess
  insize=1310 outsize=384 ok=1
Cmd: compileSnippet
  api=0 type=0 insize=1228 outsize=806 kw= ok=1
Cmd: compileSnippet
  api=0 type=1 insize=1228 outsize=6 kw= ok=1
Cmd: preprocess
  insize=5717 outsize=1219 ok=1
Cmd: preprocess
  insize=716 outsize=286 ok=1
Cmd: compileSnippet
  api=0 type=0 insize=732 outsize=335 kw= ok=1
Cmd: compileSnippet
  api=0 type=1 insize=732 outsize=6 kw= ok=1
Cmd: preprocess
  insize=656 outsize=299 ok=1
Cmd: compileSnippet
  api=0 type=0 insize=657 outsize=889 kw= ok=1
Cmd: compileSnippet
  api=0 type=1 insize=657 outsize=6 kw= ok=1
Cmd: preprocess
  insize=3696 outsize=630 ok=1
Cmd: compileSnippet
  api=0 type=0 insize=3278 outsize=497 kw= ok=1
Cmd: compileSnippet
  api=0 type=1 insize=3278 outsize=6 kw= ok=1
Cmd: compileSnippet
  api=0 type=0 insize=3285 outsize=1561 kw= ok=1
Cmd: compileSnippet
  api=0 type=1 insize=3285 outsize=6 kw= ok=1
Cmd: compileSnippet
  api=0 type=0 insize=3294 outsize=1726 kw= ok=1
Cmd: compileSnippet
  api=0 type=1 insize=3294 outsize=6 kw= ok=1
Cmd: compileSnippet
  api=0 type=0 insize=3289 outsize=1904 kw= ok=1
Cmd: compileSnippet
  api=0 type=1 insize=3289 outsize=6 kw= ok=1
Cmd: preprocess
  insize=799 outsize=276 ok=1
Cmd: compileSnippet
  api=0 type=0 insize=828 outsize=551 kw= ok=1
Cmd: compileSnippet
  api=0 type=1 insize=828 outsize=6 kw= ok=1
Cmd: preprocess
  insize=1265 outsize=272 ok=1
Cmd: compileSnippet
  api=0 type=0 insize=1298 outsize=1095 kw= ok=1
Cmd: compileSnippet
  api=0 type=1 insize=1298 outsize=6 kw= ok=1
Cmd: preprocess
  insize=2015 outsize=946 ok=1
Cmd: compileSnippet
  api=0 type=0 insize=859 outsize=491 kw= ok=1
Cmd: compileSnippet
  api=0 type=1 insize=859 outsize=6 kw= ok=1
Cmd: compileSnippet
  api=0 type=0 insize=814 outsize=390 kw= ok=1
Cmd: compileSnippet
  api=0 type=1 insize=814 outsize=6 kw= ok=1
Cmd: preprocess
  insize=5095 outsize=700 ok=1
Cmd: preprocess
  insize=1017 outsize=470 ok=1
Cmd: compileSnippet
  api=0 type=0 insize=849 outsize=833 kw= ok=1
Cmd: compileSnippet
  api=0 type=1 insize=849 outsize=6 kw= ok=1
Cmd: preprocess
  insize=1139 outsize=364 ok=1
Cmd: compileSnippet
  api=0 type=0 insize=1080 outsize=1113 kw= ok=1
Cmd: compileSnippet
  api=0 type=1 insize=1080 outsize=6 kw= ok=1
Cmd: preprocess
  insize=512 outsize=241 ok=1
Cmd: compileSnippet
  api=0 type=0 insize=573 outsize=195 kw= ok=1
Cmd: compileSnippet
  api=0 type=1 insize=573 outsize=6 kw= ok=1
Cmd: preprocess
  insize=650 outsize=290 ok=1
Cmd: compileSnippet
  api=0 type=0 insize=665 outsize=371 kw= ok=1
Cmd: compileSnippet
  api=0 type=1 insize=665 outsize=6 kw= ok=1
Cmd: preprocess
  insize=5006 outsize=866 ok=1
Cmd: compileSnippet
  api=0 type=0 insize=4390 outsize=952 kw= ok=1
Cmd: compileSnippet
  api=0 type=1 insize=4390 outsize=6 kw= ok=1
Cmd: compileSnippet
  api=0 type=0 insize=4394 outsize=1582 kw= ok=1
Cmd: compileSnippet
  api=0 type=1 insize=4394 outsize=6 kw= ok=1
Cmd: compileSnippet
  api=0 type=0 insize=4395 outsize=1582 kw= ok=1
Cmd: compileSnippet
  api=0 type=1 insize=4395 outsize=6 kw= ok=1
Cmd: compileSnippet
  api=0 type=0 insize=4399 outsize=1637 kw= ok=1
Cmd: compileSnippet
  api=0 type=1 insize=4399 outsize=6 kw= ok=1
Cmd: compileSnippet
  api=0 type=0 insize=4400 outsize=1559 kw= ok=1
Cmd: compileSnippet
  api=0 type=1 insize=4400 outsize=6 kw= ok=1
Cmd: compileSnippet
  api=0 type=0 insize=541 outsize=1880 kw=SHADOWS_DEPTH ok=1
Cmd: compileSnippet
  api=0 type=1 insize=541 outsize=6 kw=SHADOWS_DEPTH ok=1
Cmd: compileSnippet
  api=0 type=0 insize=7523 outsize=4306 kw=DIRECTIONAL SHADOWS_OFF LIGHTMAP_OFF DIRLIGHTMAP_OFF DYNAMICLIGHTMAP_OFF ok=1
Cmd: compileSnippet
  api=0 type=1 insize=7523 outsize=6 kw=DIRECTIONAL SHADOWS_OFF LIGHTMAP_OFF DIRLIGHTMAP_OFF DYNAMICLIGHTMAP_OFF ok=1
Cmd: compileSnippet
  api=0 type=0 insize=4918 outsize=3195 kw=DIRECTIONAL ok=1
Cmd: compileSnippet
  api=0 type=1 insize=4918 outsize=6 kw=DIRECTIONAL ok=1
Cmd: compileSnippet
  api=0 type=0 insize=966 outsize=587 kw= ok=1
Cmd: compileSnippet
  api=0 type=1 insize=966 outsize=6 kw= ok=1
Cmd: compileSnippet
  api=0 type=0 insize=3896 outsize=1462 kw=DIRECTIONAL ok=1
Cmd: compileSnippet
  api=0 type=1 insize=3896 outsize=6 kw=DIRECTIONAL ok=1
Cmd: compileSnippet
  api=0 type=0 insize=751 outsize=1880 kw=SHADOWS_DEPTH ok=1
Cmd: compileSnippet
  api=0 type=1 insize=751 outsize=6 kw=SHADOWS_DEPTH ok=1
Cmd: compileSnippet
  api=0 type=0 insize=982 outsize=9749 kw=DIRECTIONAL SHADOWS_OFF LIGHTMAP_OFF DIRLIGHTMAP_OFF DYNAMICLIGHTMAP_OFF ok=1
Cmd: compileSnippet
  api=0 type=1 insize=982 outsize=6 kw=DIRECTIONAL SHADOWS_OFF LIGHTMAP_OFF DIRLIGHTMAP_OFF DYNAMICLIGHTMAP_OFF ok=1
Cmd: compileSnippet
  api=0 type=0 insize=938 outsize=5621 kw=DIRECTIONAL SHADOWS_OFF ok=1
Cmd: compileSnippet
  api=0 type=1 insize=938 outsize=6 kw=DIRECTIONAL SHADOWS_OFF ok=1
Cmd: compileSnippet
  api=0 type=0 insize=6810 outsize=2287 kw=DIRECTIONAL SHADOWS_OFF LIGHTMAP_OFF DIRLIGHTMAP_OFF DYNAMICLIGHTMAP_OFF ok=1
Cmd: compileSnippet
  api=0 type=1 insize=6810 outsize=6 kw=DIRECTIONAL SHADOWS_OFF LIGHTMAP_OFF DIRLIGHTMAP_OFF DYNAMICLIGHTMAP_OFF ok=1
Cmd: compileSnippet
  api=0 type=0 insize=3647 outsize=1807 kw=POINT ok=1
Cmd: compileSnippet
  api=0 type=1 insize=3647 outsize=6 kw=POINT ok=1
Cmd: compileSnippet
  api=0 type=0 insize=2805 outsize=965 kw= ok=1
Cmd: compileSnippet
  api=0 type=1 insize=2805 outsize=6 kw= ok=1
Cmd: compileSnippet
  api=0 type=0 insize=5974 outsize=2720 kw=LIGHTMAP_OFF DIRLIGHTMAP_OFF DYNAMICLIGHTMAP_OFF HDR_LIGHT_PREPASS_OFF ok=1
Cmd: compileSnippet
  api=0 type=1 insize=5974 outsize=6 kw=LIGHTMAP_OFF DIRLIGHTMAP_OFF DYNAMICLIGHTMAP_OFF HDR_LIGHT_PREPASS_OFF ok=1
Cmd: compileSnippet
  api=0 type=0 insize=5928 outsize=2526 kw=LIGHTMAP_OFF DIRLIGHTMAP_OFF DYNAMICLIGHTMAP_OFF UNITY_HDR_ON ok=1
Cmd: compileSnippet
  api=0 type=1 insize=5928 outsize=6 kw=LIGHTMAP_OFF DIRLIGHTMAP_OFF DYNAMICLIGHTMAP_OFF HDR_LIGHT_PREPASS_OFF ok=1
Cmd: compileSnippet
  api=0 type=0 insize=1275 outsize=2752 kw=POINT SHADOWS_OFF ok=1
Cmd: compileSnippet
  api=0 type=0 insize=1275 outsize=3549 kw=SPOT SHADOWS_DEPTH SHADOWS_NATIVE ok=1
Cmd: compileSnippet
  api=0 type=0 insize=1275 outsize=4212 kw=POINT SHADOWS_CUBE SHADOWS_SOFT ok=1
Cmd: compileSnippet
  api=0 type=1 insize=1275 outsize=6 kw=POINT SHADOWS_OFF ok=1
Cmd: compileSnippet
  api=0 type=1 insize=1275 outsize=6 kw=DIRECTIONAL_COOKIE SHADOWS_OFF ok=1
Cmd: compileSnippet
  api=0 type=1 insize=1275 outsize=6 kw=POINT SHADOWS_CUBE ok=1
Cmd: compileSnippet
  api=0 type=1 insize=1275 outsize=6 kw=POINT_COOKIE SHADOWS_CUBE SHADOWS_SOFT ok=1
Cmd: compileSnippet
  api=0 type=0 insize=1268 outsize=2743 kw=POINT SHADOWS_OFF ok=1
Cmd: compileSnippet
  api=0 type=0 insize=1268 outsize=3009 kw=DIRECTIONAL_COOKIE SHADOWS_SCREEN ok=1
Cmd: compileSnippet
  api=0 type=0 insize=1268 outsize=4203 kw=POINT SHADOWS_CUBE SHADOWS_SOFT ok=1
Cmd: compileSnippet
  api=0 type=1 insize=1268 outsize=6 kw=POINT SHADOWS_OFF ok=1
Cmd: compileSnippet
  api=0 type=1 insize=1268 outsize=6 kw=DIRECTIONAL_COOKIE SHADOWS_OFF ok=1
Cmd: compileSnippet
  api=0 type=1 insize=1268 outsize=6 kw=POINT SHADOWS_CUBE ok=1
Cmd: compileSnippet
  api=0 type=1 insize=1268 outsize=6 kw=POINT_COOKIE SHADOWS_CUBE SHADOWS_SOFT ok=1
Cmd: compileSnippet
  api=0 type=0 insize=1273 outsize=2748 kw=POINT SHADOWS_OFF ok=1
Cmd: compileSnippet
  api=0 type=0 insize=1273 outsize=2820 kw=DIRECTIONAL SHADOWS_SCREEN ok=1
Cmd: compileSnippet
  api=0 type=0 insize=1273 outsize=3480 kw=POINT_COOKIE SHADOWS_CUBE ok=1
Cmd: compileSnippet
  api=0 type=1 insize=1273 outsize=6 kw=POINT SHADOWS_OFF ok=1
Cmd: compileSnippet
  api=0 type=1 insize=1273 outsize=6 kw=DIRECTIONAL_COOKIE SHADOWS_OFF ok=1
Cmd: compileSnippet
  api=0 type=1 insize=1273 outsize=6 kw=POINT SHADOWS_CUBE ok=1
Cmd: compileSnippet
  api=0 type=1 insize=1273 outsize=6 kw=POINT_COOKIE SHADOWS_CUBE SHADOWS_SOFT ok=1
Cmd: compileSnippet
  api=0 type=0 insize=1934 outsize=3663 kw=POINT SHADOWS_OFF ok=1
Cmd: compileSnippet
  api=0 type=0 insize=1934 outsize=4112 kw=DIRECTIONAL_COOKIE SHADOWS_SCREEN ok=1
Cmd: compileSnippet
  api=0 type=0 insize=1934 outsize=5266 kw=SPOT SHADOWS_DEPTH SHADOWS_SOFT SHADOWS_NATIVE ok=1
Cmd: compileSnippet
  api=0 type=0 insize=1934 outsize=3394 kw=DIRECTIONAL SHADOWS_OFF UNITY_HDR_ON ok=1
Cmd: compileSnippet
  api=0 type=0 insize=1934 outsize=3663 kw=DIRECTIONAL_COOKIE SHADOWS_OFF UNITY_HDR_ON ok=1
Cmd: compileSnippet
  api=0 type=0 insize=1934 outsize=4207 kw=POINT SHADOWS_CUBE UNITY_HDR_ON ok=1
Cmd: compileSnippet
  api=0 type=0 insize=1934 outsize=5325 kw=POINT_COOKIE SHADOWS_CUBE SHADOWS_SOFT UNITY_HDR_ON ok=1
Cmd: compileSnippet
  api=0 type=1 insize=1934 outsize=6 kw=POINT SHADOWS_OFF ok=1
Cmd: compileSnippet
  api=0 type=1 insize=1934 outsize=6 kw=DIRECTIONAL_COOKIE SHADOWS_OFF ok=1
Cmd: compileSnippet
  api=0 type=1 insize=1934 outsize=6 kw=POINT SHADOWS_CUBE ok=1
Cmd: compileSnippet
  api=0 type=1 insize=1934 outsize=6 kw=POINT_COOKIE SHADOWS_CUBE SHADOWS_SOFT ok=1
Cmd: compileSnippet
  api=0 type=1 insize=1934 outsize=6 kw=POINT_COOKIE SHADOWS_OFF UNITY_HDR_ON ok=1
Cmd: compileSnippet
  api=0 type=1 insize=1934 outsize=6 kw=DIRECTIONAL_COOKIE SHADOWS_SCREEN UNITY_HDR_ON ok=1
Cmd: compileSnippet
  api=0 type=1 insize=1934 outsize=6 kw=POINT SHADOWS_CUBE SHADOWS_SOFT UNITY_HDR_ON ok=1
Cmd: compileSnippet
  api=0 type=0 insize=683 outsize=347 kw= ok=1
Cmd: compileSnippet
  api=0 type=1 insize=683 outsize=6 kw= ok=1
Cmd: compileSnippet
  api=0 type=0 insize=1051 outsize=569 kw= ok=1
Cmd: compileSnippet
  api=0 type=1 insize=1051 outsize=6 kw= ok=1
Cmd: compileSnippet
  api=0 type=0 insize=1089 outsize=656 kw= ok=1
Cmd: compileSnippet
  api=0 type=1 insize=1089 outsize=6 kw= ok=1
Cmd: compileSnippet
  api=0 type=0 insize=6481 outsize=16595 kw= ok=1
Cmd: compileSnippet
  api=0 type=1 insize=6481 outsize=6 kw= ok=1
Cmd: compileSnippet
  api=0 type=0 insize=723 outsize=414 kw= ok=1
Cmd: compileSnippet
  api=0 type=1 insize=723 outsize=6 kw= ok=1
Cmd: compileSnippet
  api=0 type=0 insize=1079 outsize=840 kw= ok=1
Cmd: compileSnippet
  api=0 type=1 insize=1079 outsize=6 kw= ok=1
